<?xml version="1.0" encoding="UTF-8"?>
<testng-results ignored="0" total="2" passed="2" failed="0" skipped="0">
  <reporter-output>
  </reporter-output>
  <suite started-at="2026-04-29T16:31:09 IST" name="Default suite" finished-at="2026-04-29T16:31:28 IST" duration-ms="19523">
    <groups>
      <group name="cucumber">
        <method signature="AbstractTestNGCucumberTests.runScenario(io.cucumber.testng.PickleWrapper,io.cucumber.testng.FeatureWrapper)[pri:0, instance:runner.TestngRunner@6069db50]" name="runScenario" class="io.cucumber.testng.AbstractTestNGCucumberTests"/>
      </group> <!-- cucumber -->
    </groups>
    <test started-at="2026-04-29T16:31:09 IST" name="Default test" finished-at="2026-04-29T16:31:28 IST" duration-ms="19523">
      <class name="runner.TestngRunner">
        <test-method is-config="true" signature="setUpClass(org.testng.ITestContext)[pri:0, instance:runner.TestngRunner@6069db50]" started-at="2026-04-29T16:31:09 IST" name="setUpClass" finished-at="2026-04-29T16:31:09 IST" duration-ms="396" status="PASS">
          <params>
            <param index="0">
              <value>
                <![CDATA[org.testng.TestRunner@4602c2a9]]>
              </value>
            </param>
          </params>
          <reporter-output>
          </reporter-output>
        </test-method> <!-- setUpClass -->
        <test-method signature="runScenario(io.cucumber.testng.PickleWrapper,io.cucumber.testng.FeatureWrapper)[pri:0, instance:runner.TestngRunner@6069db50]" started-at="2026-04-29T16:31:09 IST" name="runScenario" description="Runs Cucumber Scenarios" data-provider="scenarios" finished-at="2026-04-29T16:31:27 IST" duration-ms="17950" status="PASS">
          <params>
            <param index="0">
              <value>
                <![CDATA["Search the user"]]>
              </value>
            </param>
            <param index="1">
              <value>
                <![CDATA["User Search Functionality"]]>
              </value>
            </param>
          </params>
          <reporter-output>
          </reporter-output>
        </test-method> <!-- runScenario -->
        <test-method signature="runScenario(io.cucumber.testng.PickleWrapper,io.cucumber.testng.FeatureWrapper)[pri:0, instance:runner.TestngRunner@6069db50]" started-at="2026-04-29T16:31:09 IST" name="runScenario" description="Runs Cucumber Scenarios" data-provider="scenarios" finished-at="2026-04-29T16:31:24 IST" duration-ms="14415" status="PASS">
          <params>
            <param index="0">
              <value>
                <![CDATA["Search Employee"]]>
              </value>
            </param>
            <param index="1">
              <value>
                <![CDATA["Check Emplyee Infomration"]]>
              </value>
            </param>
          </params>
          <reporter-output>
          </reporter-output>
        </test-method> <!-- runScenario -->
        <test-method is-config="true" signature="tearDownClass()[pri:0, instance:runner.TestngRunner@6069db50]" started-at="2026-04-29T16:31:27 IST" name="tearDownClass" finished-at="2026-04-29T16:31:28 IST" duration-ms="1137" status="PASS">
          <reporter-output>
          </reporter-output>
        </test-method> <!-- tearDownClass -->
      </class> <!-- runner.TestngRunner -->
    </test> <!-- Default test -->
  </suite> <!-- Default suite -->
</testng-results>
